Performing C SOURCE FILE Test CMAKE_HAVE_LIBC_PTHREAD failed with the following output:
Change Dir: A:/_S_Faculdade/tcc-puc/Src/VulkanMultiGPu/vmgpu/bp/build/CMakeFiles/CMakeScratch/TryCompile-amzeop

Run Build Command(s):C:/Program Files/Microsoft Visual Studio/2022/Community/MSBuild/Current/Bin/amd64/MSBuild.exe cmTC_79c13.vcxproj /p:Configuration=Debug /p:Platform=x64 /p:VisualStudioVersion=17.0 /v:m && MSBuild version 17.4.1+9a89d02ff for .NET Framework
  Microsoft (R) C/C++ Optimizing Compiler Version 19.34.31937 for x64
  src.c
  Copyright (C) Microsoft Corporation.  All rights reserved.
  cl /c /Zi /W3 /WX- /diagnostics:column /Od /Ob0 /D _MBCS /D WIN32 /D _WINDOWS /D CMAKE_HAVE_LIBC_PTHREAD /D "CMAKE_INTDIR=\"Debug\"" /Gm- /RTC1 /MDd /GS /fp:precise /Zc:wchar_t /Zc:forScope /Zc:inline /Fo"cmTC_79c13.dir\Debug\\" /Fd"cmTC_79c13.dir\Debug\vc143.pdb" /external:W3 /Gd /TC /errorReport:queue "A:\_S_Faculdade\tcc-puc\Src\VulkanMultiGPu\vmgpu\bp\build\CMakeFiles\CMakeScratch\TryCompile-amzeop\src.c"
A:\_S_Faculdade\tcc-puc\Src\VulkanMultiGPu\vmgpu\bp\build\CMakeFiles\CMakeScratch\TryCompile-amzeop\src.c(1,10): fatal  error C1083: Cannot open include file: 'pthread.h': No such file or directory [A:\_S_Faculdade\tcc-puc\Src\VulkanMultiGPu\vmgpu\bp\build\CMakeFiles\CMakeScratch\TryCompile-amzeop\cmTC_79c13.vcxproj]


Source file was:
#include <pthread.h>

static void* test_func(void* data)
{
  return data;
}

int main(void)
{
  pthread_t thread;
  pthread_create(&thread, NULL, test_func, NULL);
  pthread_detach(thread);
  pthread_cancel(thread);
  pthread_join(thread, NULL);
  pthread_atfork(NULL, NULL, NULL);
  pthread_exit(NULL);

  return 0;
}


Determining if the function pthread_create exists in the pthreads failed with the following output:
Change Dir: A:/_S_Faculdade/tcc-puc/Src/VulkanMultiGPu/vmgpu/bp/build/CMakeFiles/CMakeScratch/TryCompile-faua06

Run Build Command(s):C:/Program Files/Microsoft Visual Studio/2022/Community/MSBuild/Current/Bin/amd64/MSBuild.exe cmTC_1c7e2.vcxproj /p:Configuration=Debug /p:Platform=x64 /p:VisualStudioVersion=17.0 /v:m && MSBuild version 17.4.1+9a89d02ff for .NET Framework
  Microsoft (R) C/C++ Optimizing Compiler Version 19.34.31937 for x64
  CheckFunctionExists.c
  Copyright (C) Microsoft Corporation.  All rights reserved.
  cl /c /Zi /W3 /WX- /diagnostics:column /Od /Ob0 /D _MBCS /D WIN32 /D _WINDOWS /D CHECK_FUNCTION_EXISTS=pthread_create /D "CMAKE_INTDIR=\"Debug\"" /Gm- /RTC1 /MDd /GS /fp:precise /Zc:wchar_t /Zc:forScope /Zc:inline /Fo"cmTC_1c7e2.dir\Debug\\" /Fd"cmTC_1c7e2.dir\Debug\vc143.pdb" /external:W3 /Gd /TC /errorReport:queue "A:\_S_Faculdade\tcc-puc\Src\VulkanMultiGPu\vmgpu\bp\build\CMakeFiles\CMakeScratch\TryCompile-faua06\CheckFunctionExists.c"
LINK : fatal error LNK1104: cannot open file 'pthreads.lib' [A:\_S_Faculdade\tcc-puc\Src\VulkanMultiGPu\vmgpu\bp\build\CMakeFiles\CMakeScratch\TryCompile-faua06\cmTC_1c7e2.vcxproj]



Determining if the function pthread_create exists in the pthread failed with the following output:
Change Dir: A:/_S_Faculdade/tcc-puc/Src/VulkanMultiGPu/vmgpu/bp/build/CMakeFiles/CMakeScratch/TryCompile-pgrky6

Run Build Command(s):C:/Program Files/Microsoft Visual Studio/2022/Community/MSBuild/Current/Bin/amd64/MSBuild.exe cmTC_bb6ad.vcxproj /p:Configuration=Debug /p:Platform=x64 /p:VisualStudioVersion=17.0 /v:m && MSBuild version 17.4.1+9a89d02ff for .NET Framework
  Microsoft (R) C/C++ Optimizing Compiler Version 19.34.31937 for x64
  CheckFunctionExists.c
  Copyright (C) Microsoft Corporation.  All rights reserved.
  cl /c /Zi /W3 /WX- /diagnostics:column /Od /Ob0 /D _MBCS /D WIN32 /D _WINDOWS /D CHECK_FUNCTION_EXISTS=pthread_create /D "CMAKE_INTDIR=\"Debug\"" /Gm- /RTC1 /MDd /GS /fp:precise /Zc:wchar_t /Zc:forScope /Zc:inline /Fo"cmTC_bb6ad.dir\Debug\\" /Fd"cmTC_bb6ad.dir\Debug\vc143.pdb" /external:W3 /Gd /TC /errorReport:queue "A:\_S_Faculdade\tcc-puc\Src\VulkanMultiGPu\vmgpu\bp\build\CMakeFiles\CMakeScratch\TryCompile-pgrky6\CheckFunctionExists.c"
LINK : fatal error LNK1104: cannot open file 'pthread.lib' [A:\_S_Faculdade\tcc-puc\Src\VulkanMultiGPu\vmgpu\bp\build\CMakeFiles\CMakeScratch\TryCompile-pgrky6\cmTC_bb6ad.vcxproj]



